<?xml version="1.0" encoding="UTF-8"?><testsuite errors="0" failures="1" name="simulate housing credit leasing on the Bancolombia page" skipped="0" tests="1" time="32.74" timestamp="2022-04-10 01:08:34"><testcase name="Verify the result of the simulation of a home loan"><failure message="Expected enabled element was not enabled" type="net.thucydides.core.webdriver.exceptions.ElementShouldBeEnabledException">Expected enabled element was not enabled</failure><system-err>Expected enabled element was not enabled&#13;
bancolombiaPageAutomation.tasks.SelectingOptions.performAs(SelectingOptions.java:21)&#13;
bancolombiaPageAutomation.stepdefinitions.SimulateCreditStepDefinitions.user_selects_options_Productos_y_Servicios_Leasing_Simula_Segun_valor_vivienda(SimulateCreditStepDefinitions.java:38)&#13;
cucumber.runner.Runner.runPickle(Runner.java:80)&#13;
</system-err></testcase></testsuite>